mode: set
go_learn_withgoland/container/nonrepeatingsubstr/nonrepeating.go:5.47,9.31 4 1
go_learn_withgoland/container/nonrepeatingsubstr/nonrepeating.go:18.2,18.18 1 1
go_learn_withgoland/container/nonrepeatingsubstr/nonrepeating.go:9.31,10.57 1 1
go_learn_withgoland/container/nonrepeatingsubstr/nonrepeating.go:13.3,13.28 1 1
go_learn_withgoland/container/nonrepeatingsubstr/nonrepeating.go:16.3,16.22 1 1
go_learn_withgoland/container/nonrepeatingsubstr/nonrepeating.go:10.57,12.4 1 1
go_learn_withgoland/container/nonrepeatingsubstr/nonrepeating.go:13.28,15.4 1 1
go_learn_withgoland/container/nonrepeatingsubstr/nonrepeating.go:20.13,31.2 8 0
